<?xml version="1.0" encoding="UTF-8"?>
<testng-results skipped="0" failed="0" ignored="0" total="1" passed="1">
  <reporter-output>
  </reporter-output>
  <suite name="Default suite" duration-ms="17264" started-at="2017-06-22T13:11:30Z" finished-at="2017-06-22T13:11:47Z">
    <groups>
    </groups>
    <test name="Default test" duration-ms="17264" started-at="2017-06-22T13:11:30Z" finished-at="2017-06-22T13:11:47Z">
      <class name="ContactPageTest">
        <test-method status="PASS" signature="testContactText()[pri:0, instance:ContactPageTest@4b9e13df]" name="testContactText" duration-ms="17240" started-at="2017-06-22T14:11:30Z" finished-at="2017-06-22T14:11:47Z">
          <reporter-output>
          </reporter-output>
        </test-method> <!-- testContactText -->
      </class> <!-- ContactPageTest -->
    </test> <!-- Default test -->
  </suite> <!-- Default suite -->
</testng-results>
